# JRE version: OpenJDK Runtime Environment (17.0.11) (build 17.0.11+0--11852314)
# Java VM: OpenJDK 64-Bit Server VM (17.0.11+0--11852314, mixed mode, tiered, compressed oops, compressed class ptrs, g1 gc, windows-amd64)
GC Precious Log:
 CPUs: 12 total, 12 available
 Memory: 7521M
 Large Page Support: Disabled
 NUMA Support: Disabled
 Compressed Oops: Enabled (32-bit)
 Heap Region Size: 1M
 Heap Min Capacity: 256M
 Heap Initial Capacity: 256M
 Heap Max Capacity: 512M
 Pre-touch: Disabled
 Parallel Workers: 10
 Concurrent Workers: 3
 Concurrent Refinement Workers: 10
 Periodic GC: Disabled
Heap:
 garbage-first heap   total 262144K, used 51210K [0x00000000e0000000, 0x0000000100000000)
  region size 1024K, 27 young (27648K), 10 survivors (10240K)
 Metaspace       used 54150K, committed 54592K, reserved 393216K
  class space    used 7196K, committed 7424K, reserved 327680K
GC Heap History (16 events):
Event: 1.042 GC heap before
{Heap before GC invocations=0 (full 0):
 garbage-first heap   total 262144K, used 22528K [0x00000000e0000000, 0x0000000100000000)
  region size 1024K, 23 young (23552K), 0 survivors (0K)
 Metaspace       used 7705K, committed 7872K, reserved 393216K
  class space    used 673K, committed 768K, reserved 327680K
}
Event: 1.045 GC heap after
{Heap after GC invocations=1 (full 0):
 garbage-first heap   total 262144K, used 1823K [0x00000000e0000000, 0x0000000100000000)
  region size 1024K, 2 young (2048K), 2 survivors (2048K)
 Metaspace       used 7705K, committed 7872K, reserved 393216K
  class space    used 673K, committed 768K, reserved 327680K
}
Event: 1.928 GC heap before
{Heap before GC invocations=1 (full 0):
 garbage-first heap   total 262144K, used 40735K [0x00000000e0000000, 0x0000000100000000)
  region size 1024K, 38 young (38912K), 2 survivors (2048K)
 Metaspace       used 11892K, committed 12096K, reserved 393216K
  class space    used 1259K, committed 1344K, reserved 327680K
}
Event: 1.932 GC heap after
{Heap after GC invocations=2 (full 0):
 garbage-first heap   total 262144K, used 11141K [0x00000000e0000000, 0x0000000100000000)
  region size 1024K, 5 young (5120K), 5 survivors (5120K)
 Metaspace       used 11892K, committed 12096K, reserved 393216K
  class space    used 1259K, committed 1344K, reserved 327680K
}
Event: 2.691 GC heap before
{Heap before GC invocations=2 (full 0):
 garbage-first heap   total 262144K, used 61317K [0x00000000e0000000, 0x0000000100000000)
  region size 1024K, 52 young (53248K), 5 survivors (5120K)
 Metaspace       used 12163K, committed 12352K, reserved 393216K
  class space    used 1295K, committed 1408K, reserved 327680K
}
Event: 2.696 GC heap after
{Heap after GC invocations=3 (full 0):
 garbage-first heap   total 262144K, used 16131K [0x00000000e0000000, 0x0000000100000000)
  region size 1024K, 5 young (5120K), 5 survivors (5120K)
 Metaspace       used 12163K, committed 12352K, reserved 393216K
  class space    used 1295K, committed 1408K, reserved 327680K
}
Event: 4.350 GC heap before
{Heap before GC invocations=3 (full 0):
 garbage-first heap   total 262144K, used 51971K [0x00000000e0000000, 0x0000000100000000)
  region size 1024K, 41 young (41984K), 5 survivors (5120K)
 Metaspace       used 21334K, committed 21504K, reserved 393216K
  class space    used 2502K, committed 2624K, reserved 327680K
}
Event: 4.359 GC heap after
{Heap after GC invocations=4 (full 0):
 garbage-first heap   total 262144K, used 19846K [0x00000000e0000000, 0x0000000100000000)
  region size 1024K, 8 young (8192K), 8 survivors (8192K)
 Metaspace       used 21334K, committed 21504K, reserved 393216K
  class space    used 2502K, committed 2624K, reserved 327680K
}
Event: 7.587 GC heap before
{Heap before GC invocations=5 (full 0):
 garbage-first heap   total 262144K, used 126342K [0x00000000e0000000, 0x0000000100000000)
  region size 1024K, 114 young (116736K), 8 survivors (8192K)
 Metaspace       used 35633K, committed 35968K, reserved 393216K
  class space    used 4867K, committed 5056K, reserved 327680K
}
Event: 7.619 GC heap after
{Heap after GC invocations=6 (full 0):
 garbage-first heap   total 262144K, used 25671K [0x00000000e0000000, 0x0000000100000000)
  region size 1024K, 14 young (14336K), 14 survivors (14336K)
 Metaspace       used 35633K, committed 35968K, reserved 393216K
  class space    used 4867K, committed 5056K, reserved 327680K
}
Event: 7.700 GC heap before
{Heap before GC invocations=6 (full 0):
 garbage-first heap   total 262144K, used 26695K [0x00000000e0000000, 0x0000000100000000)
  region size 1024K, 15 young (15360K), 14 survivors (14336K)
 Metaspace       used 35774K, committed 36160K, reserved 393216K
  class space    used 4897K, committed 5056K, reserved 327680K
}
Event: 7.715 GC heap after
{Heap after GC invocations=7 (full 0):
 garbage-first heap   total 262144K, used 26742K [0x00000000e0000000, 0x0000000100000000)
  region size 1024K, 2 young (2048K), 2 survivors (2048K)
 Metaspace       used 35774K, committed 36160K, reserved 393216K
  class space    used 4897K, committed 5056K, reserved 327680K
}
Event: 7.728 GC heap before
{Heap before GC invocations=7 (full 0):
 garbage-first heap   total 262144K, used 27766K [0x00000000e0000000, 0x0000000100000000)
  region size 1024K, 4 young (4096K), 2 survivors (2048K)
 Metaspace       used 35901K, committed 36288K, reserved 393216K
  class space    used 4918K, committed 5120K, reserved 327680K
}
Event: 7.729 GC heap after
{Heap after GC invocations=8 (full 0):
 garbage-first heap   total 262144K, used 25338K [0x00000000e0000000, 0x0000000100000000)
  region size 1024K, 1 young (1024K), 1 survivors (1024K)
 Metaspace       used 35901K, committed 36288K, reserved 393216K
  class space    used 4918K, committed 5120K, reserved 327680K
}
Event: 11.453 GC heap before
{Heap before GC invocations=9 (full 0):
 garbage-first heap   total 262144K, used 187130K [0x00000000e0000000, 0x0000000100000000)
  region size 1024K, 153 young (156672K), 1 survivors (1024K)
 Metaspace       used 52051K, committed 52544K, reserved 393216K
  class space    used 6880K, committed 7104K, reserved 327680K
}
Event: 11.462 GC heap after
{Heap after GC invocations=10 (full 0):
 garbage-first heap   total 262144K, used 34826K [0x00000000e0000000, 0x0000000100000000)
  region size 1024K, 10 young (10240K), 10 survivors (10240K)
 Metaspace       used 52051K, committed 52544K, reserved 393216K
  class space    used 6880K, committed 7104K, reserved 327680K
}

