# JRE version: OpenJDK Runtime Environment (17.0.11) (build 17.0.11+0--11852314)
# Java VM: OpenJDK 64-Bit Server VM (17.0.11+0--11852314, mixed mode, tiered, compressed oops, compressed class ptrs, g1 gc, windows-amd64)
GC Precious Log:
 CPUs: 12 total, 12 available
 Memory: 7521M
 Large Page Support: Disabled
 NUMA Support: Disabled
 Compressed Oops: Enabled (32-bit)
 Heap Region Size: 1M
 Heap Min Capacity: 256M
 Heap Initial Capacity: 256M
 Heap Max Capacity: 512M
 Pre-touch: Disabled
 Parallel Workers: 10
 Concurrent Workers: 3
 Concurrent Refinement Workers: 10
 Periodic GC: Disabled
Heap:
 garbage-first heap   total 324608K, used 191448K [0x00000000e0000000, 0x0000000100000000)
  region size 1024K, 40 young (40960K), 1 survivors (1024K)
 Metaspace       used 174261K, committed 176128K, reserved 524288K
  class space    used 22576K, committed 23488K, reserved 327680K
GC Heap History (20 events):
Event: 1538.528 GC heap before
{Heap before GC invocations=50 (full 0):
 garbage-first heap   total 311296K, used 220833K [0x00000000e0000000, 0x0000000100000000)
  region size 1024K, 37 young (37888K), 1 survivors (1024K)
 Metaspace       used 169119K, committed 170624K, reserved 524288K
  class space    used 22003K, committed 22720K, reserved 327680K
}
Event: 1538.715 GC heap after
{Heap after GC invocations=51 (full 0):
 garbage-first heap   total 311296K, used 184365K [0x00000000e0000000, 0x0000000100000000)
  region size 1024K, 1 young (1024K), 1 survivors (1024K)
 Metaspace       used 169119K, committed 170624K, reserved 524288K
  class space    used 22003K, committed 22720K, reserved 327680K
}
Event: 2172.030 GC heap before
{Heap before GC invocations=51 (full 0):
 garbage-first heap   total 311296K, used 198701K [0x00000000e0000000, 0x0000000100000000)
  region size 1024K, 15 young (15360K), 1 survivors (1024K)
 Metaspace       used 169141K, committed 170624K, reserved 524288K
  class space    used 22003K, committed 22720K, reserved 327680K
}
Event: 2172.207 GC heap after
{Heap after GC invocations=52 (full 0):
 garbage-first heap   total 311296K, used 161021K [0x00000000e0000000, 0x0000000100000000)
  region size 1024K, 1 young (1024K), 1 survivors (1024K)
 Metaspace       used 169141K, committed 170624K, reserved 524288K
  class space    used 22003K, committed 22720K, reserved 327680K
}
Event: 2225.285 GC heap before
{Heap before GC invocations=52 (full 0):
 garbage-first heap   total 311296K, used 174333K [0x00000000e0000000, 0x0000000100000000)
  region size 1024K, 15 young (15360K), 1 survivors (1024K)
 Metaspace       used 169207K, committed 170688K, reserved 524288K
  class space    used 22005K, committed 22720K, reserved 327680K
}
Event: 2225.378 GC heap after
{Heap after GC invocations=53 (full 0):
 garbage-first heap   total 311296K, used 158488K [0x00000000e0000000, 0x0000000100000000)
  region size 1024K, 2 young (2048K), 2 survivors (2048K)
 Metaspace       used 169207K, committed 170688K, reserved 524288K
  class space    used 22005K, committed 22720K, reserved 327680K
}
Event: 2231.661 GC heap before
{Heap before GC invocations=53 (full 0):
 garbage-first heap   total 311296K, used 255768K [0x00000000e0000000, 0x0000000100000000)
  region size 1024K, 98 young (100352K), 2 survivors (2048K)
 Metaspace       used 169485K, committed 170944K, reserved 524288K
  class space    used 22023K, committed 22720K, reserved 327680K
}
Event: 2231.706 GC heap after
{Heap after GC invocations=54 (full 0):
 garbage-first heap   total 311296K, used 167094K [0x00000000e0000000, 0x0000000100000000)
  region size 1024K, 11 young (11264K), 11 survivors (11264K)
 Metaspace       used 169485K, committed 170944K, reserved 524288K
  class space    used 22023K, committed 22720K, reserved 327680K
}
Event: 2237.656 GC heap before
{Heap before GC invocations=55 (full 0):
 garbage-first heap   total 324608K, used 256182K [0x00000000e0000000, 0x0000000100000000)
  region size 1024K, 99 young (101376K), 11 survivors (11264K)
 Metaspace       used 169505K, committed 171008K, reserved 524288K
  class space    used 21980K, committed 22720K, reserved 327680K
}
Event: 2237.674 GC heap after
{Heap after GC invocations=56 (full 0):
 garbage-first heap   total 324608K, used 171747K [0x00000000e0000000, 0x0000000100000000)
  region size 1024K, 6 young (6144K), 6 survivors (6144K)
 Metaspace       used 169505K, committed 171008K, reserved 524288K
  class space    used 21980K, committed 22720K, reserved 327680K
}
Event: 2237.800 GC heap before
{Heap before GC invocations=56 (full 0):
 garbage-first heap   total 324608K, used 180963K [0x00000000e0000000, 0x0000000100000000)
  region size 1024K, 15 young (15360K), 6 survivors (6144K)
 Metaspace       used 169786K, committed 171200K, reserved 524288K
  class space    used 22029K, committed 22720K, reserved 327680K
}
Event: 2237.836 GC heap after
{Heap after GC invocations=57 (full 0):
 garbage-first heap   total 324608K, used 159108K [0x00000000e0000000, 0x0000000100000000)
  region size 1024K, 2 young (2048K), 2 survivors (2048K)
 Metaspace       used 169786K, committed 171200K, reserved 524288K
  class space    used 22029K, committed 22720K, reserved 327680K
}
Event: 2238.008 GC heap before
{Heap before GC invocations=57 (full 0):
 garbage-first heap   total 324608K, used 171396K [0x00000000e0000000, 0x0000000100000000)
  region size 1024K, 15 young (15360K), 2 survivors (2048K)
 Metaspace       used 169900K, committed 171328K, reserved 524288K
  class space    used 22053K, committed 22720K, reserved 327680K
}
Event: 2238.022 GC heap after
{Heap after GC invocations=58 (full 0):
 garbage-first heap   total 324608K, used 159744K [0x00000000e0000000, 0x0000000100000000)
  region size 1024K, 2 young (2048K), 2 survivors (2048K)
 Metaspace       used 169900K, committed 171328K, reserved 524288K
  class space    used 22053K, committed 22720K, reserved 327680K
}
Event: 2244.465 GC heap before
{Heap before GC invocations=58 (full 0):
 garbage-first heap   total 324608K, used 265216K [0x00000000e0000000, 0x0000000100000000)
  region size 1024K, 106 young (108544K), 2 survivors (2048K)
 Metaspace       used 172058K, committed 173568K, reserved 524288K
  class space    used 22291K, committed 22976K, reserved 327680K
}
Event: 2244.481 GC heap after
{Heap after GC invocations=59 (full 0):
 garbage-first heap   total 324608K, used 169000K [0x00000000e0000000, 0x0000000100000000)
  region size 1024K, 12 young (12288K), 12 survivors (12288K)
 Metaspace       used 172058K, committed 173568K, reserved 524288K
  class space    used 22291K, committed 22976K, reserved 327680K
}
Event: 2249.823 GC heap before
{Heap before GC invocations=60 (full 0):
 garbage-first heap   total 324608K, used 262184K [0x00000000e0000000, 0x0000000100000000)
  region size 1024K, 107 young (109568K), 12 survivors (12288K)
 Metaspace       used 174234K, committed 176128K, reserved 524288K
  class space    used 22576K, committed 23488K, reserved 327680K
}
Event: 2249.833 GC heap after
{Heap after GC invocations=61 (full 0):
 garbage-first heap   total 324608K, used 169729K [0x00000000e0000000, 0x0000000100000000)
  region size 1024K, 5 young (5120K), 5 survivors (5120K)
 Metaspace       used 174234K, committed 176128K, reserved 524288K
  class space    used 22576K, committed 23488K, reserved 327680K
}
Event: 2249.971 GC heap before
{Heap before GC invocations=61 (full 0):
 garbage-first heap   total 324608K, used 179969K [0x00000000e0000000, 0x0000000100000000)
  region size 1024K, 15 young (15360K), 5 survivors (5120K)
 Metaspace       used 174256K, committed 176128K, reserved 524288K
  class space    used 22576K, committed 23488K, reserved 327680K
}
Event: 2249.978 GC heap after
{Heap after GC invocations=62 (full 0):
 garbage-first heap   total 324608K, used 152536K [0x00000000e0000000, 0x0000000100000000)
  region size 1024K, 1 young (1024K), 1 survivors (1024K)
 Metaspace       used 174256K, committed 176128K, reserved 524288K
  class space    used 22576K, committed 23488K, reserved 327680K
}

